[1.360s] Invoking command in '/home/rhobtor/Unity/J8_unity/src/TFG_KDN_UnityROS2/ros2_ws/src/my_robot_description': PYTHONPATH=/home/rhobtor/Unity/J8_unity/build/my_robot_description/prefix_override:/usr/lib/python3/dist-packages/colcon_core/task/python/colcon_distutils_commands:/home/rhobtor/Unity/J8_unity/install/my_robot_description/lib/python3.10/site-packages:${PYTHONPATH} /usr/bin/python3 -W ignore:setup.py install is deprecated -W ignore:easy_install command is deprecated setup.py egg_info --egg-base ../../../../../build/my_robot_description build --build-base /home/rhobtor/Unity/J8_unity/build/my_robot_description/build install --record /home/rhobtor/Unity/J8_unity/build/my_robot_description/install.log --single-version-externally-managed install_data
[1.505s] /home/rhobtor/.local/lib/python3.10/site-packages/setuptools/_distutils/dist.py:289: UserWarning: Unknown distribution option: 'tests_require'
[1.505s]   warnings.warn(msg)
[1.588s] running egg_info
[1.601s] creating ../../../../../build/my_robot_description/my_robot_description.egg-info
[1.601s] writing ../../../../../build/my_robot_description/my_robot_description.egg-info/PKG-INFO
[1.602s] writing dependency_links to ../../../../../build/my_robot_description/my_robot_description.egg-info/dependency_links.txt
[1.602s] writing requirements to ../../../../../build/my_robot_description/my_robot_description.egg-info/requires.txt
[1.602s] writing top-level names to ../../../../../build/my_robot_description/my_robot_description.egg-info/top_level.txt
[1.602s] writing manifest file '../../../../../build/my_robot_description/my_robot_description.egg-info/SOURCES.txt'
[1.631s] reading manifest file '../../../../../build/my_robot_description/my_robot_description.egg-info/SOURCES.txt'
[1.632s] writing manifest file '../../../../../build/my_robot_description/my_robot_description.egg-info/SOURCES.txt'
[1.632s] running build
[1.632s] running build_py
[1.632s] creating /home/rhobtor/Unity/J8_unity/build/my_robot_description/build/lib/my_robot_description
[1.632s] copying my_robot_description/__init__.py -> /home/rhobtor/Unity/J8_unity/build/my_robot_description/build/lib/my_robot_description
[1.633s] running install
[1.637s] running install_lib
[1.666s] creating /home/rhobtor/Unity/J8_unity/install/my_robot_description/lib/python3.10/site-packages/my_robot_description
[1.667s] copying /home/rhobtor/Unity/J8_unity/build/my_robot_description/build/lib/my_robot_description/__init__.py -> /home/rhobtor/Unity/J8_unity/install/my_robot_description/lib/python3.10/site-packages/my_robot_description
[1.668s] byte-compiling /home/rhobtor/Unity/J8_unity/install/my_robot_description/lib/python3.10/site-packages/my_robot_description/__init__.py to __init__.cpython-310.pyc
[1.669s] running install_data
[1.669s] creating /home/rhobtor/Unity/J8_unity/install/my_robot_description/share/ament_index/resource_index/packages
[1.669s] copying resource/my_robot_description -> /home/rhobtor/Unity/J8_unity/install/my_robot_description/share/ament_index/resource_index/packages
[1.669s] copying package.xml -> /home/rhobtor/Unity/J8_unity/install/my_robot_description/share/my_robot_description
[1.669s] running install_egg_info
[1.701s] Copying ../../../../../build/my_robot_description/my_robot_description.egg-info to /home/rhobtor/Unity/J8_unity/install/my_robot_description/lib/python3.10/site-packages/my_robot_description-0.0.0-py3.10.egg-info
[1.702s] running install_scripts
[1.737s] writing list of installed files to '/home/rhobtor/Unity/J8_unity/build/my_robot_description/install.log'
[1.766s] Invoked command in '/home/rhobtor/Unity/J8_unity/src/TFG_KDN_UnityROS2/ros2_ws/src/my_robot_description' returned '0': PYTHONPATH=/home/rhobtor/Unity/J8_unity/build/my_robot_description/prefix_override:/usr/lib/python3/dist-packages/colcon_core/task/python/colcon_distutils_commands:/home/rhobtor/Unity/J8_unity/install/my_robot_description/lib/python3.10/site-packages:${PYTHONPATH} /usr/bin/python3 -W ignore:setup.py install is deprecated -W ignore:easy_install command is deprecated setup.py egg_info --egg-base ../../../../../build/my_robot_description build --build-base /home/rhobtor/Unity/J8_unity/build/my_robot_description/build install --record /home/rhobtor/Unity/J8_unity/build/my_robot_description/install.log --single-version-externally-managed install_data
