[1.769s] Invoking command in '/home/rhobtor/Unity/J8_unity/src/TFG_KDN_UnityROS2/ros2_ws/src/my_robot_description': PYTHONPATH=/home/rhobtor/Unity/J8_unity/build/my_robot_description/prefix_override:/usr/lib/python3/dist-packages/colcon_core/task/python/colcon_distutils_commands:/home/rhobtor/Unity/J8_unity/install/my_robot_description/lib/python3.10/site-packages:${PYTHONPATH} /usr/bin/python3 -W ignore:setup.py install is deprecated -W ignore:easy_install command is deprecated setup.py egg_info --egg-base ../../../../../build/my_robot_description build --build-base /home/rhobtor/Unity/J8_unity/build/my_robot_description/build install --record /home/rhobtor/Unity/J8_unity/build/my_robot_description/install.log --single-version-externally-managed install_data
[2.040s] /home/rhobtor/.local/lib/python3.10/site-packages/setuptools/_distutils/dist.py:289: UserWarning: Unknown distribution option: 'tests_require'
[2.040s]   warnings.warn(msg)
[2.177s] running egg_info
[2.198s] writing ../../../../../build/my_robot_description/my_robot_description.egg-info/PKG-INFO
[2.199s] writing dependency_links to ../../../../../build/my_robot_description/my_robot_description.egg-info/dependency_links.txt
[2.199s] writing requirements to ../../../../../build/my_robot_description/my_robot_description.egg-info/requires.txt
[2.199s] writing top-level names to ../../../../../build/my_robot_description/my_robot_description.egg-info/top_level.txt
[2.236s] reading manifest file '../../../../../build/my_robot_description/my_robot_description.egg-info/SOURCES.txt'
[2.238s] writing manifest file '../../../../../build/my_robot_description/my_robot_description.egg-info/SOURCES.txt'
[2.239s] running build
[2.239s] running build_py
[2.239s] copying my_robot_description/__init__.py -> /home/rhobtor/Unity/J8_unity/build/my_robot_description/build/lib/my_robot_description
[2.239s] running install
[2.244s] running install_lib
[2.267s] running install_data
[2.267s] copying resource/my_robot_description -> /home/rhobtor/Unity/J8_unity/install/my_robot_description/share/ament_index/resource_index/packages
[2.268s] copying package.xml -> /home/rhobtor/Unity/J8_unity/install/my_robot_description/share/my_robot_description
[2.268s] running install_egg_info
[2.291s] removing '/home/rhobtor/Unity/J8_unity/install/my_robot_description/lib/python3.10/site-packages/my_robot_description-0.0.0-py3.10.egg-info' (and everything under it)
[2.291s] Copying ../../../../../build/my_robot_description/my_robot_description.egg-info to /home/rhobtor/Unity/J8_unity/install/my_robot_description/lib/python3.10/site-packages/my_robot_description-0.0.0-py3.10.egg-info
[2.292s] running install_scripts
[2.335s] writing list of installed files to '/home/rhobtor/Unity/J8_unity/build/my_robot_description/install.log'
[2.358s] Invoked command in '/home/rhobtor/Unity/J8_unity/src/TFG_KDN_UnityROS2/ros2_ws/src/my_robot_description' returned '0': PYTHONPATH=/home/rhobtor/Unity/J8_unity/build/my_robot_description/prefix_override:/usr/lib/python3/dist-packages/colcon_core/task/python/colcon_distutils_commands:/home/rhobtor/Unity/J8_unity/install/my_robot_description/lib/python3.10/site-packages:${PYTHONPATH} /usr/bin/python3 -W ignore:setup.py install is deprecated -W ignore:easy_install command is deprecated setup.py egg_info --egg-base ../../../../../build/my_robot_description build --build-base /home/rhobtor/Unity/J8_unity/build/my_robot_description/build install --record /home/rhobtor/Unity/J8_unity/build/my_robot_description/install.log --single-version-externally-managed install_data
