[1.369s] Invoking command in '/home/rhobtor/Unity/J8_unity/src/TFG_KDN_UnityROS2/ros2_ws/src/ROS-TCP-Endpoint-main-ros2': PYTHONPATH=/home/rhobtor/Unity/J8_unity/build/ros_tcp_endpoint/prefix_override:/usr/lib/python3/dist-packages/colcon_core/task/python/colcon_distutils_commands:/home/rhobtor/Unity/J8_unity/install/ros_tcp_endpoint/lib/python3.10/site-packages:${PYTHONPATH} /usr/bin/python3 -W ignore:setup.py install is deprecated -W ignore:easy_install command is deprecated setup.py egg_info --egg-base ../../../../../build/ros_tcp_endpoint build --build-base /home/rhobtor/Unity/J8_unity/build/ros_tcp_endpoint/build install --record /home/rhobtor/Unity/J8_unity/build/ros_tcp_endpoint/install.log --install-scripts $base/lib/ros_tcp_endpoint --single-version-externally-managed install_data
[1.491s] /home/rhobtor/.local/lib/python3.10/site-packages/setuptools/dist.py:599: SetuptoolsDeprecationWarning: Invalid dash-separated key 'script-dir' in 'develop' (setup.cfg), please use the underscore name 'script_dir' instead.
[1.491s] !!
[1.491s] 
[1.491s]         ********************************************************************************
[1.491s]         Usage of dash-separated 'script-dir' will not be supported in future
[1.491s]         versions. Please use the underscore name 'script_dir' instead.
[1.491s] 
[1.492s]         By 2026-Mar-03, you need to update your project and remove deprecated calls
[1.492s]         or your builds will no longer be supported.
[1.492s] 
[1.492s]         See https://setuptools.pypa.io/en/latest/userguide/declarative_config.html for details.
[1.492s]         ********************************************************************************
[1.492s] 
[1.492s] !!
[1.492s]   opt = self._enforce_underscore(opt, section)
[1.509s] /home/rhobtor/.local/lib/python3.10/site-packages/setuptools/_distutils/dist.py:289: UserWarning: Unknown distribution option: 'tests_require'
[1.509s]   warnings.warn(msg)
[1.536s] /home/rhobtor/.local/lib/python3.10/site-packages/setuptools/dist.py:599: SetuptoolsDeprecationWarning: Invalid dash-separated key 'script-dir' in 'develop' (setup.cfg), please use the underscore name 'script_dir' instead.
[1.536s] !!
[1.536s] 
[1.536s]         ********************************************************************************
[1.536s]         Usage of dash-separated 'script-dir' will not be supported in future
[1.536s]         versions. Please use the underscore name 'script_dir' instead.
[1.536s]         (Affected: ros_tcp_endpoint).
[1.536s] 
[1.536s]         By 2026-Mar-03, you need to update your project and remove deprecated calls
[1.537s]         or your builds will no longer be supported.
[1.537s] 
[1.537s]         See https://setuptools.pypa.io/en/latest/userguide/declarative_config.html for details.
[1.537s]         ********************************************************************************
[1.537s] 
[1.537s] !!
[1.537s]   opt = self._enforce_underscore(opt, section)
[1.591s] running egg_info
[1.604s] creating ../../../../../build/ros_tcp_endpoint/ros_tcp_endpoint.egg-info
[1.604s] writing ../../../../../build/ros_tcp_endpoint/ros_tcp_endpoint.egg-info/PKG-INFO
[1.605s] writing dependency_links to ../../../../../build/ros_tcp_endpoint/ros_tcp_endpoint.egg-info/dependency_links.txt
[1.605s] writing entry points to ../../../../../build/ros_tcp_endpoint/ros_tcp_endpoint.egg-info/entry_points.txt
[1.605s] writing requirements to ../../../../../build/ros_tcp_endpoint/ros_tcp_endpoint.egg-info/requires.txt
[1.605s] writing top-level names to ../../../../../build/ros_tcp_endpoint/ros_tcp_endpoint.egg-info/top_level.txt
[1.605s] writing manifest file '../../../../../build/ros_tcp_endpoint/ros_tcp_endpoint.egg-info/SOURCES.txt'
[1.634s] reading manifest file '../../../../../build/ros_tcp_endpoint/ros_tcp_endpoint.egg-info/SOURCES.txt'
[1.634s] adding license file 'LICENSE'
[1.635s] writing manifest file '../../../../../build/ros_tcp_endpoint/ros_tcp_endpoint.egg-info/SOURCES.txt'
[1.635s] running build
[1.635s] running build_py
[1.635s] creating /home/rhobtor/Unity/J8_unity/build/ros_tcp_endpoint/build/lib/ros_tcp_endpoint
[1.635s] copying ros_tcp_endpoint/client.py -> /home/rhobtor/Unity/J8_unity/build/ros_tcp_endpoint/build/lib/ros_tcp_endpoint
[1.636s] copying ros_tcp_endpoint/subscriber.py -> /home/rhobtor/Unity/J8_unity/build/ros_tcp_endpoint/build/lib/ros_tcp_endpoint
[1.636s] copying ros_tcp_endpoint/service.py -> /home/rhobtor/Unity/J8_unity/build/ros_tcp_endpoint/build/lib/ros_tcp_endpoint
[1.636s] copying ros_tcp_endpoint/default_server_endpoint.py -> /home/rhobtor/Unity/J8_unity/build/ros_tcp_endpoint/build/lib/ros_tcp_endpoint
[1.636s] copying ros_tcp_endpoint/publisher.py -> /home/rhobtor/Unity/J8_unity/build/ros_tcp_endpoint/build/lib/ros_tcp_endpoint
[1.636s] copying ros_tcp_endpoint/tcp_sender.py -> /home/rhobtor/Unity/J8_unity/build/ros_tcp_endpoint/build/lib/ros_tcp_endpoint
[1.636s] copying ros_tcp_endpoint/unity_service.py -> /home/rhobtor/Unity/J8_unity/build/ros_tcp_endpoint/build/lib/ros_tcp_endpoint
[1.636s] copying ros_tcp_endpoint/server.py -> /home/rhobtor/Unity/J8_unity/build/ros_tcp_endpoint/build/lib/ros_tcp_endpoint
[1.636s] copying ros_tcp_endpoint/communication.py -> /home/rhobtor/Unity/J8_unity/build/ros_tcp_endpoint/build/lib/ros_tcp_endpoint
[1.636s] copying ros_tcp_endpoint/__init__.py -> /home/rhobtor/Unity/J8_unity/build/ros_tcp_endpoint/build/lib/ros_tcp_endpoint
[1.637s] copying ros_tcp_endpoint/exceptions.py -> /home/rhobtor/Unity/J8_unity/build/ros_tcp_endpoint/build/lib/ros_tcp_endpoint
[1.637s] copying ros_tcp_endpoint/thread_pauser.py -> /home/rhobtor/Unity/J8_unity/build/ros_tcp_endpoint/build/lib/ros_tcp_endpoint
[1.637s] running install
[1.641s] running install_lib
[1.654s] creating /home/rhobtor/Unity/J8_unity/install/ros_tcp_endpoint/lib/python3.10/site-packages/ros_tcp_endpoint
[1.655s] copying /home/rhobtor/Unity/J8_unity/build/ros_tcp_endpoint/build/lib/ros_tcp_endpoint/client.py -> /home/rhobtor/Unity/J8_unity/install/ros_tcp_endpoint/lib/python3.10/site-packages/ros_tcp_endpoint
[1.655s] copying /home/rhobtor/Unity/J8_unity/build/ros_tcp_endpoint/build/lib/ros_tcp_endpoint/subscriber.py -> /home/rhobtor/Unity/J8_unity/install/ros_tcp_endpoint/lib/python3.10/site-packages/ros_tcp_endpoint
[1.655s] copying /home/rhobtor/Unity/J8_unity/build/ros_tcp_endpoint/build/lib/ros_tcp_endpoint/service.py -> /home/rhobtor/Unity/J8_unity/install/ros_tcp_endpoint/lib/python3.10/site-packages/ros_tcp_endpoint
[1.655s] copying /home/rhobtor/Unity/J8_unity/build/ros_tcp_endpoint/build/lib/ros_tcp_endpoint/default_server_endpoint.py -> /home/rhobtor/Unity/J8_unity/install/ros_tcp_endpoint/lib/python3.10/site-packages/ros_tcp_endpoint
[1.655s] copying /home/rhobtor/Unity/J8_unity/build/ros_tcp_endpoint/build/lib/ros_tcp_endpoint/publisher.py -> /home/rhobtor/Unity/J8_unity/install/ros_tcp_endpoint/lib/python3.10/site-packages/ros_tcp_endpoint
[1.655s] copying /home/rhobtor/Unity/J8_unity/build/ros_tcp_endpoint/build/lib/ros_tcp_endpoint/tcp_sender.py -> /home/rhobtor/Unity/J8_unity/install/ros_tcp_endpoint/lib/python3.10/site-packages/ros_tcp_endpoint
[1.655s] copying /home/rhobtor/Unity/J8_unity/build/ros_tcp_endpoint/build/lib/ros_tcp_endpoint/unity_service.py -> /home/rhobtor/Unity/J8_unity/install/ros_tcp_endpoint/lib/python3.10/site-packages/ros_tcp_endpoint
[1.655s] copying /home/rhobtor/Unity/J8_unity/build/ros_tcp_endpoint/build/lib/ros_tcp_endpoint/server.py -> /home/rhobtor/Unity/J8_unity/install/ros_tcp_endpoint/lib/python3.10/site-packages/ros_tcp_endpoint
[1.655s] copying /home/rhobtor/Unity/J8_unity/build/ros_tcp_endpoint/build/lib/ros_tcp_endpoint/communication.py -> /home/rhobtor/Unity/J8_unity/install/ros_tcp_endpoint/lib/python3.10/site-packages/ros_tcp_endpoint
[1.655s] copying /home/rhobtor/Unity/J8_unity/build/ros_tcp_endpoint/build/lib/ros_tcp_endpoint/__init__.py -> /home/rhobtor/Unity/J8_unity/install/ros_tcp_endpoint/lib/python3.10/site-packages/ros_tcp_endpoint
[1.655s] copying /home/rhobtor/Unity/J8_unity/build/ros_tcp_endpoint/build/lib/ros_tcp_endpoint/exceptions.py -> /home/rhobtor/Unity/J8_unity/install/ros_tcp_endpoint/lib/python3.10/site-packages/ros_tcp_endpoint
[1.655s] copying /home/rhobtor/Unity/J8_unity/build/ros_tcp_endpoint/build/lib/ros_tcp_endpoint/thread_pauser.py -> /home/rhobtor/Unity/J8_unity/install/ros_tcp_endpoint/lib/python3.10/site-packages/ros_tcp_endpoint
[1.656s] byte-compiling /home/rhobtor/Unity/J8_unity/install/ros_tcp_endpoint/lib/python3.10/site-packages/ros_tcp_endpoint/client.py to client.cpython-310.pyc
[1.657s] byte-compiling /home/rhobtor/Unity/J8_unity/install/ros_tcp_endpoint/lib/python3.10/site-packages/ros_tcp_endpoint/subscriber.py to subscriber.cpython-310.pyc
[1.657s] byte-compiling /home/rhobtor/Unity/J8_unity/install/ros_tcp_endpoint/lib/python3.10/site-packages/ros_tcp_endpoint/service.py to service.cpython-310.pyc
[1.658s] byte-compiling /home/rhobtor/Unity/J8_unity/install/ros_tcp_endpoint/lib/python3.10/site-packages/ros_tcp_endpoint/default_server_endpoint.py to default_server_endpoint.cpython-310.pyc
[1.658s] byte-compiling /home/rhobtor/Unity/J8_unity/install/ros_tcp_endpoint/lib/python3.10/site-packages/ros_tcp_endpoint/publisher.py to publisher.cpython-310.pyc
[1.658s] byte-compiling /home/rhobtor/Unity/J8_unity/install/ros_tcp_endpoint/lib/python3.10/site-packages/ros_tcp_endpoint/tcp_sender.py to tcp_sender.cpython-310.pyc
[1.660s] byte-compiling /home/rhobtor/Unity/J8_unity/install/ros_tcp_endpoint/lib/python3.10/site-packages/ros_tcp_endpoint/unity_service.py to unity_service.cpython-310.pyc
[1.660s] byte-compiling /home/rhobtor/Unity/J8_unity/install/ros_tcp_endpoint/lib/python3.10/site-packages/ros_tcp_endpoint/server.py to server.cpython-310.pyc
[1.662s] byte-compiling /home/rhobtor/Unity/J8_unity/install/ros_tcp_endpoint/lib/python3.10/site-packages/ros_tcp_endpoint/communication.py to communication.cpython-310.pyc
[1.663s] byte-compiling /home/rhobtor/Unity/J8_unity/install/ros_tcp_endpoint/lib/python3.10/site-packages/ros_tcp_endpoint/__init__.py to __init__.cpython-310.pyc
[1.663s] byte-compiling /home/rhobtor/Unity/J8_unity/install/ros_tcp_endpoint/lib/python3.10/site-packages/ros_tcp_endpoint/exceptions.py to exceptions.cpython-310.pyc
[1.663s] byte-compiling /home/rhobtor/Unity/J8_unity/install/ros_tcp_endpoint/lib/python3.10/site-packages/ros_tcp_endpoint/thread_pauser.py to thread_pauser.cpython-310.pyc
[1.664s] running install_data
[1.664s] creating /home/rhobtor/Unity/J8_unity/install/ros_tcp_endpoint/share/ament_index/resource_index/packages
[1.664s] copying resource/ros_tcp_endpoint -> /home/rhobtor/Unity/J8_unity/install/ros_tcp_endpoint/share/ament_index/resource_index/packages
[1.664s] copying package.xml -> /home/rhobtor/Unity/J8_unity/install/ros_tcp_endpoint/share/ros_tcp_endpoint
[1.665s] creating /home/rhobtor/Unity/J8_unity/install/ros_tcp_endpoint/share/ros_tcp_endpoint/launch
[1.665s] copying launch/endpoint.py -> /home/rhobtor/Unity/J8_unity/install/ros_tcp_endpoint/share/ros_tcp_endpoint/launch
[1.665s] running install_egg_info
[1.679s] Copying ../../../../../build/ros_tcp_endpoint/ros_tcp_endpoint.egg-info to /home/rhobtor/Unity/J8_unity/install/ros_tcp_endpoint/lib/python3.10/site-packages/ros_tcp_endpoint-0.0.1-py3.10.egg-info
[1.679s] running install_scripts
[1.708s] Installing default_server_endpoint script to /home/rhobtor/Unity/J8_unity/install/ros_tcp_endpoint/lib/ros_tcp_endpoint
[1.709s] writing list of installed files to '/home/rhobtor/Unity/J8_unity/build/ros_tcp_endpoint/install.log'
[1.733s] Invoked command in '/home/rhobtor/Unity/J8_unity/src/TFG_KDN_UnityROS2/ros2_ws/src/ROS-TCP-Endpoint-main-ros2' returned '0': PYTHONPATH=/home/rhobtor/Unity/J8_unity/build/ros_tcp_endpoint/prefix_override:/usr/lib/python3/dist-packages/colcon_core/task/python/colcon_distutils_commands:/home/rhobtor/Unity/J8_unity/install/ros_tcp_endpoint/lib/python3.10/site-packages:${PYTHONPATH} /usr/bin/python3 -W ignore:setup.py install is deprecated -W ignore:easy_install command is deprecated setup.py egg_info --egg-base ../../../../../build/ros_tcp_endpoint build --build-base /home/rhobtor/Unity/J8_unity/build/ros_tcp_endpoint/build install --record /home/rhobtor/Unity/J8_unity/build/ros_tcp_endpoint/install.log --install-scripts $base/lib/ros_tcp_endpoint --single-version-externally-managed install_data
