[1.704s] Invoking command in '/home/rhobtor/Unity/J8_unity/src/TFG_KDN_UnityROS2/ros2_ws/src/teleop_twist_keyboard': PYTHONPATH=/home/rhobtor/Unity/J8_unity/build/teleop_twist_keyboard/prefix_override:/usr/lib/python3/dist-packages/colcon_core/task/python/colcon_distutils_commands:/home/rhobtor/Unity/J8_unity/install/teleop_twist_keyboard/lib/python3.10/site-packages:${PYTHONPATH} /usr/bin/python3 -W ignore:setup.py install is deprecated -W ignore:easy_install command is deprecated setup.py egg_info --egg-base ../../../../../build/teleop_twist_keyboard build --build-base /home/rhobtor/Unity/J8_unity/build/teleop_twist_keyboard/build install --record /home/rhobtor/Unity/J8_unity/build/teleop_twist_keyboard/install.log --single-version-externally-managed install_data
[1.894s] /home/rhobtor/.local/lib/python3.10/site-packages/setuptools/_distutils/dist.py:289: UserWarning: Unknown distribution option: 'tests_require'
[1.894s]   warnings.warn(msg)
[1.931s] /home/rhobtor/.local/lib/python3.10/site-packages/setuptools/dist.py:759: SetuptoolsDeprecationWarning: License classifiers are deprecated.
[1.931s] !!
[1.931s] 
[1.931s]         ********************************************************************************
[1.931s]         Please consider removing the following classifiers in favor of a SPDX license expression:
[1.931s] 
[1.931s]         License :: BSD
[1.932s] 
[1.932s]         See https://packaging.python.org/en/latest/guides/writing-pyproject-toml/#license for details.
[1.932s]         ********************************************************************************
[1.932s] 
[1.932s] !!
[1.932s]   self._finalize_license_expression()
[1.997s] running egg_info
[2.017s] writing ../../../../../build/teleop_twist_keyboard/teleop_twist_keyboard.egg-info/PKG-INFO
[2.018s] writing dependency_links to ../../../../../build/teleop_twist_keyboard/teleop_twist_keyboard.egg-info/dependency_links.txt
[2.018s] writing entry points to ../../../../../build/teleop_twist_keyboard/teleop_twist_keyboard.egg-info/entry_points.txt
[2.018s] writing requirements to ../../../../../build/teleop_twist_keyboard/teleop_twist_keyboard.egg-info/requires.txt
[2.019s] writing top-level names to ../../../../../build/teleop_twist_keyboard/teleop_twist_keyboard.egg-info/top_level.txt
[2.052s] reading manifest file '../../../../../build/teleop_twist_keyboard/teleop_twist_keyboard.egg-info/SOURCES.txt'
[2.053s] adding license file 'LICENSE'
[2.054s] writing manifest file '../../../../../build/teleop_twist_keyboard/teleop_twist_keyboard.egg-info/SOURCES.txt'
[2.054s] running build
[2.055s] running build_py
[2.055s] copying teleop_twist_keyboard.py -> /home/rhobtor/Unity/J8_unity/build/teleop_twist_keyboard/build/lib
[2.055s] copying teleop_twist_keyboard/__init__.py -> /home/rhobtor/Unity/J8_unity/build/teleop_twist_keyboard/build/lib/teleop_twist_keyboard
[2.056s] copying teleop_twist_keyboard/teleop_twist_keyboard.py -> /home/rhobtor/Unity/J8_unity/build/teleop_twist_keyboard/build/lib/teleop_twist_keyboard
[2.057s] running install
[2.065s] running install_lib
[2.124s] running install_data
[2.124s] copying resource/teleop_twist_keyboard -> /home/rhobtor/Unity/J8_unity/install/teleop_twist_keyboard/share/ament_index/resource_index/packages
[2.125s] copying package.xml -> /home/rhobtor/Unity/J8_unity/install/teleop_twist_keyboard/share/teleop_twist_keyboard
[2.125s] running install_egg_info
[2.188s] removing '/home/rhobtor/Unity/J8_unity/install/teleop_twist_keyboard/lib/python3.10/site-packages/teleop_twist_keyboard-2.4.0-py3.10.egg-info' (and everything under it)
[2.189s] Copying ../../../../../build/teleop_twist_keyboard/teleop_twist_keyboard.egg-info to /home/rhobtor/Unity/J8_unity/install/teleop_twist_keyboard/lib/python3.10/site-packages/teleop_twist_keyboard-2.4.0-py3.10.egg-info
[2.189s] running install_scripts
[2.232s] Installing teleop_twist_keyboard script to /home/rhobtor/Unity/J8_unity/install/teleop_twist_keyboard/lib/teleop_twist_keyboard
[2.232s] writing list of installed files to '/home/rhobtor/Unity/J8_unity/build/teleop_twist_keyboard/install.log'
[2.268s] Invoked command in '/home/rhobtor/Unity/J8_unity/src/TFG_KDN_UnityROS2/ros2_ws/src/teleop_twist_keyboard' returned '0': PYTHONPATH=/home/rhobtor/Unity/J8_unity/build/teleop_twist_keyboard/prefix_override:/usr/lib/python3/dist-packages/colcon_core/task/python/colcon_distutils_commands:/home/rhobtor/Unity/J8_unity/install/teleop_twist_keyboard/lib/python3.10/site-packages:${PYTHONPATH} /usr/bin/python3 -W ignore:setup.py install is deprecated -W ignore:easy_install command is deprecated setup.py egg_info --egg-base ../../../../../build/teleop_twist_keyboard build --build-base /home/rhobtor/Unity/J8_unity/build/teleop_twist_keyboard/build install --record /home/rhobtor/Unity/J8_unity/build/teleop_twist_keyboard/install.log --single-version-externally-managed install_data
