[1.382s] Invoking command in '/home/rhobtor/Unity/J8_unity/src/TFG_KDN_UnityROS2/ros2_ws/src/fixposition_pkg': PYTHONPATH=/home/rhobtor/Unity/J8_unity/build/fixposition_pkg/prefix_override:/usr/lib/python3/dist-packages/colcon_core/task/python/colcon_distutils_commands:/home/rhobtor/Unity/J8_unity/install/fixposition_pkg/lib/python3.10/site-packages:${PYTHONPATH} /usr/bin/python3 -W ignore:setup.py install is deprecated -W ignore:easy_install command is deprecated setup.py egg_info --egg-base ../../../../../build/fixposition_pkg build --build-base /home/rhobtor/Unity/J8_unity/build/fixposition_pkg/build install --record /home/rhobtor/Unity/J8_unity/build/fixposition_pkg/install.log --single-version-externally-managed install_data
[1.532s] /home/rhobtor/.local/lib/python3.10/site-packages/setuptools/_distutils/dist.py:289: UserWarning: Unknown distribution option: 'tests_require'
[1.532s]   warnings.warn(msg)
[1.613s] running egg_info
[1.626s] creating ../../../../../build/fixposition_pkg/fixposition_pkg.egg-info
[1.626s] writing ../../../../../build/fixposition_pkg/fixposition_pkg.egg-info/PKG-INFO
[1.627s] writing dependency_links to ../../../../../build/fixposition_pkg/fixposition_pkg.egg-info/dependency_links.txt
[1.627s] writing entry points to ../../../../../build/fixposition_pkg/fixposition_pkg.egg-info/entry_points.txt
[1.627s] writing requirements to ../../../../../build/fixposition_pkg/fixposition_pkg.egg-info/requires.txt
[1.627s] writing top-level names to ../../../../../build/fixposition_pkg/fixposition_pkg.egg-info/top_level.txt
[1.627s] writing manifest file '../../../../../build/fixposition_pkg/fixposition_pkg.egg-info/SOURCES.txt'
[1.655s] reading manifest file '../../../../../build/fixposition_pkg/fixposition_pkg.egg-info/SOURCES.txt'
[1.656s] writing manifest file '../../../../../build/fixposition_pkg/fixposition_pkg.egg-info/SOURCES.txt'
[1.656s] running build
[1.656s] running build_py
[1.656s] creating /home/rhobtor/Unity/J8_unity/build/fixposition_pkg/build/lib/fixposition_pkg
[1.657s] copying fixposition_pkg/imu_subscriber.py -> /home/rhobtor/Unity/J8_unity/build/fixposition_pkg/build/lib/fixposition_pkg
[1.657s] copying fixposition_pkg/odometry_subscriber.py -> /home/rhobtor/Unity/J8_unity/build/fixposition_pkg/build/lib/fixposition_pkg
[1.657s] copying fixposition_pkg/gps_subscriber.py -> /home/rhobtor/Unity/J8_unity/build/fixposition_pkg/build/lib/fixposition_pkg
[1.657s] copying fixposition_pkg/__init__.py -> /home/rhobtor/Unity/J8_unity/build/fixposition_pkg/build/lib/fixposition_pkg
[1.657s] running install
[1.661s] running install_lib
[1.676s] creating /home/rhobtor/Unity/J8_unity/install/fixposition_pkg/lib/python3.10/site-packages/fixposition_pkg
[1.676s] copying /home/rhobtor/Unity/J8_unity/build/fixposition_pkg/build/lib/fixposition_pkg/imu_subscriber.py -> /home/rhobtor/Unity/J8_unity/install/fixposition_pkg/lib/python3.10/site-packages/fixposition_pkg
[1.676s] copying /home/rhobtor/Unity/J8_unity/build/fixposition_pkg/build/lib/fixposition_pkg/odometry_subscriber.py -> /home/rhobtor/Unity/J8_unity/install/fixposition_pkg/lib/python3.10/site-packages/fixposition_pkg
[1.676s] copying /home/rhobtor/Unity/J8_unity/build/fixposition_pkg/build/lib/fixposition_pkg/gps_subscriber.py -> /home/rhobtor/Unity/J8_unity/install/fixposition_pkg/lib/python3.10/site-packages/fixposition_pkg
[1.676s] copying /home/rhobtor/Unity/J8_unity/build/fixposition_pkg/build/lib/fixposition_pkg/__init__.py -> /home/rhobtor/Unity/J8_unity/install/fixposition_pkg/lib/python3.10/site-packages/fixposition_pkg
[1.676s] byte-compiling /home/rhobtor/Unity/J8_unity/install/fixposition_pkg/lib/python3.10/site-packages/fixposition_pkg/imu_subscriber.py to imu_subscriber.cpython-310.pyc
[1.677s] byte-compiling /home/rhobtor/Unity/J8_unity/install/fixposition_pkg/lib/python3.10/site-packages/fixposition_pkg/odometry_subscriber.py to odometry_subscriber.cpython-310.pyc
[1.678s] byte-compiling /home/rhobtor/Unity/J8_unity/install/fixposition_pkg/lib/python3.10/site-packages/fixposition_pkg/gps_subscriber.py to gps_subscriber.cpython-310.pyc
[1.678s] byte-compiling /home/rhobtor/Unity/J8_unity/install/fixposition_pkg/lib/python3.10/site-packages/fixposition_pkg/__init__.py to __init__.cpython-310.pyc
[1.678s] running install_data
[1.678s] creating /home/rhobtor/Unity/J8_unity/install/fixposition_pkg/share/ament_index/resource_index/packages
[1.678s] copying resource/fixposition_pkg -> /home/rhobtor/Unity/J8_unity/install/fixposition_pkg/share/ament_index/resource_index/packages
[1.678s] copying package.xml -> /home/rhobtor/Unity/J8_unity/install/fixposition_pkg/share/fixposition_pkg
[1.678s] running install_egg_info
[1.693s] Copying ../../../../../build/fixposition_pkg/fixposition_pkg.egg-info to /home/rhobtor/Unity/J8_unity/install/fixposition_pkg/lib/python3.10/site-packages/fixposition_pkg-0.0.0-py3.10.egg-info
[1.694s] running install_scripts
[1.722s] Installing gps_subscriber script to /home/rhobtor/Unity/J8_unity/install/fixposition_pkg/lib/fixposition_pkg
[1.722s] Installing imu_subscriber script to /home/rhobtor/Unity/J8_unity/install/fixposition_pkg/lib/fixposition_pkg
[1.722s] Installing odometry_subscriber script to /home/rhobtor/Unity/J8_unity/install/fixposition_pkg/lib/fixposition_pkg
[1.723s] writing list of installed files to '/home/rhobtor/Unity/J8_unity/build/fixposition_pkg/install.log'
[1.761s] Invoked command in '/home/rhobtor/Unity/J8_unity/src/TFG_KDN_UnityROS2/ros2_ws/src/fixposition_pkg' returned '0': PYTHONPATH=/home/rhobtor/Unity/J8_unity/build/fixposition_pkg/prefix_override:/usr/lib/python3/dist-packages/colcon_core/task/python/colcon_distutils_commands:/home/rhobtor/Unity/J8_unity/install/fixposition_pkg/lib/python3.10/site-packages:${PYTHONPATH} /usr/bin/python3 -W ignore:setup.py install is deprecated -W ignore:easy_install command is deprecated setup.py egg_info --egg-base ../../../../../build/fixposition_pkg build --build-base /home/rhobtor/Unity/J8_unity/build/fixposition_pkg/build install --record /home/rhobtor/Unity/J8_unity/build/fixposition_pkg/install.log --single-version-externally-managed install_data
