[1.717s] Invoking command in '/home/rhobtor/Unity/J8_unity/src/TFG_KDN_UnityROS2/ros2_ws/src/fixposition_pkg': PYTHONPATH=/home/rhobtor/Unity/J8_unity/build/fixposition_pkg/prefix_override:/usr/lib/python3/dist-packages/colcon_core/task/python/colcon_distutils_commands:/home/rhobtor/Unity/J8_unity/install/fixposition_pkg/lib/python3.10/site-packages:${PYTHONPATH} /usr/bin/python3 -W ignore:setup.py install is deprecated -W ignore:easy_install command is deprecated setup.py egg_info --egg-base ../../../../../build/fixposition_pkg build --build-base /home/rhobtor/Unity/J8_unity/build/fixposition_pkg/build install --record /home/rhobtor/Unity/J8_unity/build/fixposition_pkg/install.log --single-version-externally-managed install_data
[1.980s] /home/rhobtor/.local/lib/python3.10/site-packages/setuptools/_distutils/dist.py:289: UserWarning: Unknown distribution option: 'tests_require'
[1.981s]   warnings.warn(msg)
[2.114s] running egg_info
[2.131s] writing ../../../../../build/fixposition_pkg/fixposition_pkg.egg-info/PKG-INFO
[2.131s] writing dependency_links to ../../../../../build/fixposition_pkg/fixposition_pkg.egg-info/dependency_links.txt
[2.132s] writing entry points to ../../../../../build/fixposition_pkg/fixposition_pkg.egg-info/entry_points.txt
[2.132s] writing requirements to ../../../../../build/fixposition_pkg/fixposition_pkg.egg-info/requires.txt
[2.132s] writing top-level names to ../../../../../build/fixposition_pkg/fixposition_pkg.egg-info/top_level.txt
[2.168s] reading manifest file '../../../../../build/fixposition_pkg/fixposition_pkg.egg-info/SOURCES.txt'
[2.170s] writing manifest file '../../../../../build/fixposition_pkg/fixposition_pkg.egg-info/SOURCES.txt'
[2.170s] running build
[2.170s] running build_py
[2.170s] copying fixposition_pkg/imu_subscriber.py -> /home/rhobtor/Unity/J8_unity/build/fixposition_pkg/build/lib/fixposition_pkg
[2.171s] copying fixposition_pkg/odometry_subscriber.py -> /home/rhobtor/Unity/J8_unity/build/fixposition_pkg/build/lib/fixposition_pkg
[2.171s] copying fixposition_pkg/gps_subscriber.py -> /home/rhobtor/Unity/J8_unity/build/fixposition_pkg/build/lib/fixposition_pkg
[2.172s] copying fixposition_pkg/__init__.py -> /home/rhobtor/Unity/J8_unity/build/fixposition_pkg/build/lib/fixposition_pkg
[2.172s] running install
[2.177s] running install_lib
[2.195s] running install_data
[2.197s] copying resource/fixposition_pkg -> /home/rhobtor/Unity/J8_unity/install/fixposition_pkg/share/ament_index/resource_index/packages
[2.197s] copying package.xml -> /home/rhobtor/Unity/J8_unity/install/fixposition_pkg/share/fixposition_pkg
[2.197s] running install_egg_info
[2.213s] removing '/home/rhobtor/Unity/J8_unity/install/fixposition_pkg/lib/python3.10/site-packages/fixposition_pkg-0.0.0-py3.10.egg-info' (and everything under it)
[2.213s] Copying ../../../../../build/fixposition_pkg/fixposition_pkg.egg-info to /home/rhobtor/Unity/J8_unity/install/fixposition_pkg/lib/python3.10/site-packages/fixposition_pkg-0.0.0-py3.10.egg-info
[2.214s] running install_scripts
[2.249s] Installing gps_subscriber script to /home/rhobtor/Unity/J8_unity/install/fixposition_pkg/lib/fixposition_pkg
[2.250s] Installing imu_subscriber script to /home/rhobtor/Unity/J8_unity/install/fixposition_pkg/lib/fixposition_pkg
[2.250s] Installing odometry_subscriber script to /home/rhobtor/Unity/J8_unity/install/fixposition_pkg/lib/fixposition_pkg
[2.250s] writing list of installed files to '/home/rhobtor/Unity/J8_unity/build/fixposition_pkg/install.log'
[2.276s] Invoked command in '/home/rhobtor/Unity/J8_unity/src/TFG_KDN_UnityROS2/ros2_ws/src/fixposition_pkg' returned '0': PYTHONPATH=/home/rhobtor/Unity/J8_unity/build/fixposition_pkg/prefix_override:/usr/lib/python3/dist-packages/colcon_core/task/python/colcon_distutils_commands:/home/rhobtor/Unity/J8_unity/install/fixposition_pkg/lib/python3.10/site-packages:${PYTHONPATH} /usr/bin/python3 -W ignore:setup.py install is deprecated -W ignore:easy_install command is deprecated setup.py egg_info --egg-base ../../../../../build/fixposition_pkg build --build-base /home/rhobtor/Unity/J8_unity/build/fixposition_pkg/build install --record /home/rhobtor/Unity/J8_unity/build/fixposition_pkg/install.log --single-version-externally-managed install_data
