[1.357s] Invoking command in '/home/rhobtor/Unity/J8_unity/src/TFG_KDN_UnityROS2/ros2_ws/src/teleop_twist_keyboard': PYTHONPATH=/home/rhobtor/Unity/J8_unity/build/teleop_twist_keyboard/prefix_override:/usr/lib/python3/dist-packages/colcon_core/task/python/colcon_distutils_commands:/home/rhobtor/Unity/J8_unity/install/teleop_twist_keyboard/lib/python3.10/site-packages:${PYTHONPATH} /usr/bin/python3 -W ignore:setup.py install is deprecated -W ignore:easy_install command is deprecated setup.py egg_info --egg-base ../../../../../build/teleop_twist_keyboard build --build-base /home/rhobtor/Unity/J8_unity/build/teleop_twist_keyboard/build install --record /home/rhobtor/Unity/J8_unity/build/teleop_twist_keyboard/install.log --single-version-externally-managed install_data
[1.497s] /home/rhobtor/.local/lib/python3.10/site-packages/setuptools/_distutils/dist.py:289: UserWarning: Unknown distribution option: 'tests_require'
[1.497s]   warnings.warn(msg)
[1.536s] /home/rhobtor/.local/lib/python3.10/site-packages/setuptools/dist.py:759: SetuptoolsDeprecationWarning: License classifiers are deprecated.
[1.536s] !!
[1.536s] 
[1.536s]         ********************************************************************************
[1.536s]         Please consider removing the following classifiers in favor of a SPDX license expression:
[1.536s] 
[1.536s]         License :: BSD
[1.536s] 
[1.536s]         See https://packaging.python.org/en/latest/guides/writing-pyproject-toml/#license for details.
[1.536s]         ********************************************************************************
[1.536s] 
[1.537s] !!
[1.537s]   self._finalize_license_expression()
[1.594s] running egg_info
[1.608s] creating ../../../../../build/teleop_twist_keyboard/teleop_twist_keyboard.egg-info
[1.608s] writing ../../../../../build/teleop_twist_keyboard/teleop_twist_keyboard.egg-info/PKG-INFO
[1.608s] writing dependency_links to ../../../../../build/teleop_twist_keyboard/teleop_twist_keyboard.egg-info/dependency_links.txt
[1.609s] writing entry points to ../../../../../build/teleop_twist_keyboard/teleop_twist_keyboard.egg-info/entry_points.txt
[1.609s] writing requirements to ../../../../../build/teleop_twist_keyboard/teleop_twist_keyboard.egg-info/requires.txt
[1.609s] writing top-level names to ../../../../../build/teleop_twist_keyboard/teleop_twist_keyboard.egg-info/top_level.txt
[1.609s] writing manifest file '../../../../../build/teleop_twist_keyboard/teleop_twist_keyboard.egg-info/SOURCES.txt'
[1.639s] reading manifest file '../../../../../build/teleop_twist_keyboard/teleop_twist_keyboard.egg-info/SOURCES.txt'
[1.639s] adding license file 'LICENSE'
[1.640s] writing manifest file '../../../../../build/teleop_twist_keyboard/teleop_twist_keyboard.egg-info/SOURCES.txt'
[1.640s] running build
[1.640s] running build_py
[1.640s] creating /home/rhobtor/Unity/J8_unity/build/teleop_twist_keyboard/build/lib
[1.640s] copying teleop_twist_keyboard.py -> /home/rhobtor/Unity/J8_unity/build/teleop_twist_keyboard/build/lib
[1.640s] creating /home/rhobtor/Unity/J8_unity/build/teleop_twist_keyboard/build/lib/teleop_twist_keyboard
[1.640s] copying teleop_twist_keyboard/__init__.py -> /home/rhobtor/Unity/J8_unity/build/teleop_twist_keyboard/build/lib/teleop_twist_keyboard
[1.640s] copying teleop_twist_keyboard/teleop_twist_keyboard.py -> /home/rhobtor/Unity/J8_unity/build/teleop_twist_keyboard/build/lib/teleop_twist_keyboard
[1.641s] running install
[1.645s] running install_lib
[1.660s] creating /home/rhobtor/Unity/J8_unity/install/teleop_twist_keyboard/lib/python3.10/site-packages/teleop_twist_keyboard
[1.660s] copying /home/rhobtor/Unity/J8_unity/build/teleop_twist_keyboard/build/lib/teleop_twist_keyboard/__init__.py -> /home/rhobtor/Unity/J8_unity/install/teleop_twist_keyboard/lib/python3.10/site-packages/teleop_twist_keyboard
[1.660s] copying /home/rhobtor/Unity/J8_unity/build/teleop_twist_keyboard/build/lib/teleop_twist_keyboard/teleop_twist_keyboard.py -> /home/rhobtor/Unity/J8_unity/install/teleop_twist_keyboard/lib/python3.10/site-packages/teleop_twist_keyboard
[1.660s] copying /home/rhobtor/Unity/J8_unity/build/teleop_twist_keyboard/build/lib/teleop_twist_keyboard.py -> /home/rhobtor/Unity/J8_unity/install/teleop_twist_keyboard/lib/python3.10/site-packages
[1.661s] byte-compiling /home/rhobtor/Unity/J8_unity/install/teleop_twist_keyboard/lib/python3.10/site-packages/teleop_twist_keyboard/__init__.py to __init__.cpython-310.pyc
[1.661s] byte-compiling /home/rhobtor/Unity/J8_unity/install/teleop_twist_keyboard/lib/python3.10/site-packages/teleop_twist_keyboard/teleop_twist_keyboard.py to teleop_twist_keyboard.cpython-310.pyc
[1.661s] byte-compiling /home/rhobtor/Unity/J8_unity/install/teleop_twist_keyboard/lib/python3.10/site-packages/teleop_twist_keyboard.py to teleop_twist_keyboard.cpython-310.pyc
[1.661s] running install_data
[1.662s] creating /home/rhobtor/Unity/J8_unity/install/teleop_twist_keyboard/share/ament_index/resource_index/packages
[1.662s] copying resource/teleop_twist_keyboard -> /home/rhobtor/Unity/J8_unity/install/teleop_twist_keyboard/share/ament_index/resource_index/packages
[1.662s] copying package.xml -> /home/rhobtor/Unity/J8_unity/install/teleop_twist_keyboard/share/teleop_twist_keyboard
[1.662s] running install_egg_info
[1.677s] Copying ../../../../../build/teleop_twist_keyboard/teleop_twist_keyboard.egg-info to /home/rhobtor/Unity/J8_unity/install/teleop_twist_keyboard/lib/python3.10/site-packages/teleop_twist_keyboard-2.4.0-py3.10.egg-info
[1.677s] running install_scripts
[1.707s] Installing teleop_twist_keyboard script to /home/rhobtor/Unity/J8_unity/install/teleop_twist_keyboard/lib/teleop_twist_keyboard
[1.707s] writing list of installed files to '/home/rhobtor/Unity/J8_unity/build/teleop_twist_keyboard/install.log'
[1.740s] Invoked command in '/home/rhobtor/Unity/J8_unity/src/TFG_KDN_UnityROS2/ros2_ws/src/teleop_twist_keyboard' returned '0': PYTHONPATH=/home/rhobtor/Unity/J8_unity/build/teleop_twist_keyboard/prefix_override:/usr/lib/python3/dist-packages/colcon_core/task/python/colcon_distutils_commands:/home/rhobtor/Unity/J8_unity/install/teleop_twist_keyboard/lib/python3.10/site-packages:${PYTHONPATH} /usr/bin/python3 -W ignore:setup.py install is deprecated -W ignore:easy_install command is deprecated setup.py egg_info --egg-base ../../../../../build/teleop_twist_keyboard build --build-base /home/rhobtor/Unity/J8_unity/build/teleop_twist_keyboard/build install --record /home/rhobtor/Unity/J8_unity/build/teleop_twist_keyboard/install.log --single-version-externally-managed install_data
