/home/rhobtor/.local/lib/python3.10/site-packages/setuptools/dist.py:599: SetuptoolsDeprecationWarning: Invalid dash-separated key 'script-dir' in 'develop' (setup.cfg), please use the underscore name 'script_dir' instead.
!!

        ********************************************************************************
        Usage of dash-separated 'script-dir' will not be supported in future
        versions. Please use the underscore name 'script_dir' instead.

        By 2026-Mar-03, you need to update your project and remove deprecated calls
        or your builds will no longer be supported.

        See https://setuptools.pypa.io/en/latest/userguide/declarative_config.html for details.
        ********************************************************************************

!!
  opt = self._enforce_underscore(opt, section)
/home/rhobtor/.local/lib/python3.10/site-packages/setuptools/_distutils/dist.py:289: UserWarning: Unknown distribution option: 'tests_require'
  warnings.warn(msg)
/home/rhobtor/.local/lib/python3.10/site-packages/setuptools/dist.py:599: SetuptoolsDeprecationWarning: Invalid dash-separated key 'script-dir' in 'develop' (setup.cfg), please use the underscore name 'script_dir' instead.
!!

        ********************************************************************************
        Usage of dash-separated 'script-dir' will not be supported in future
        versions. Please use the underscore name 'script_dir' instead.
        (Affected: ros_tcp_endpoint).

        By 2026-Mar-03, you need to update your project and remove deprecated calls
        or your builds will no longer be supported.

        See https://setuptools.pypa.io/en/latest/userguide/declarative_config.html for details.
        ********************************************************************************

!!
  opt = self._enforce_underscore(opt, section)
running egg_info
writing ../../../../../build/ros_tcp_endpoint/ros_tcp_endpoint.egg-info/PKG-INFO
writing dependency_links to ../../../../../build/ros_tcp_endpoint/ros_tcp_endpoint.egg-info/dependency_links.txt
writing entry points to ../../../../../build/ros_tcp_endpoint/ros_tcp_endpoint.egg-info/entry_points.txt
writing requirements to ../../../../../build/ros_tcp_endpoint/ros_tcp_endpoint.egg-info/requires.txt
writing top-level names to ../../../../../build/ros_tcp_endpoint/ros_tcp_endpoint.egg-info/top_level.txt
reading manifest file '../../../../../build/ros_tcp_endpoint/ros_tcp_endpoint.egg-info/SOURCES.txt'
adding license file 'LICENSE'
writing manifest file '../../../../../build/ros_tcp_endpoint/ros_tcp_endpoint.egg-info/SOURCES.txt'
running build
running build_py
copying ros_tcp_endpoint/client.py -> /home/rhobtor/Unity/J8_unity/build/ros_tcp_endpoint/build/lib/ros_tcp_endpoint
copying ros_tcp_endpoint/subscriber.py -> /home/rhobtor/Unity/J8_unity/build/ros_tcp_endpoint/build/lib/ros_tcp_endpoint
copying ros_tcp_endpoint/service.py -> /home/rhobtor/Unity/J8_unity/build/ros_tcp_endpoint/build/lib/ros_tcp_endpoint
copying ros_tcp_endpoint/default_server_endpoint.py -> /home/rhobtor/Unity/J8_unity/build/ros_tcp_endpoint/build/lib/ros_tcp_endpoint
copying ros_tcp_endpoint/publisher.py -> /home/rhobtor/Unity/J8_unity/build/ros_tcp_endpoint/build/lib/ros_tcp_endpoint
copying ros_tcp_endpoint/tcp_sender.py -> /home/rhobtor/Unity/J8_unity/build/ros_tcp_endpoint/build/lib/ros_tcp_endpoint
copying ros_tcp_endpoint/unity_service.py -> /home/rhobtor/Unity/J8_unity/build/ros_tcp_endpoint/build/lib/ros_tcp_endpoint
copying ros_tcp_endpoint/server.py -> /home/rhobtor/Unity/J8_unity/build/ros_tcp_endpoint/build/lib/ros_tcp_endpoint
copying ros_tcp_endpoint/communication.py -> /home/rhobtor/Unity/J8_unity/build/ros_tcp_endpoint/build/lib/ros_tcp_endpoint
copying ros_tcp_endpoint/__init__.py -> /home/rhobtor/Unity/J8_unity/build/ros_tcp_endpoint/build/lib/ros_tcp_endpoint
copying ros_tcp_endpoint/exceptions.py -> /home/rhobtor/Unity/J8_unity/build/ros_tcp_endpoint/build/lib/ros_tcp_endpoint
copying ros_tcp_endpoint/thread_pauser.py -> /home/rhobtor/Unity/J8_unity/build/ros_tcp_endpoint/build/lib/ros_tcp_endpoint
running install
running install_lib
running install_data
copying resource/ros_tcp_endpoint -> /home/rhobtor/Unity/J8_unity/install/ros_tcp_endpoint/share/ament_index/resource_index/packages
copying package.xml -> /home/rhobtor/Unity/J8_unity/install/ros_tcp_endpoint/share/ros_tcp_endpoint
copying launch/endpoint.py -> /home/rhobtor/Unity/J8_unity/install/ros_tcp_endpoint/share/ros_tcp_endpoint/launch
running install_egg_info
removing '/home/rhobtor/Unity/J8_unity/install/ros_tcp_endpoint/lib/python3.10/site-packages/ros_tcp_endpoint-0.0.1-py3.10.egg-info' (and everything under it)
Copying ../../../../../build/ros_tcp_endpoint/ros_tcp_endpoint.egg-info to /home/rhobtor/Unity/J8_unity/install/ros_tcp_endpoint/lib/python3.10/site-packages/ros_tcp_endpoint-0.0.1-py3.10.egg-info
running install_scripts
Installing default_server_endpoint script to /home/rhobtor/Unity/J8_unity/install/ros_tcp_endpoint/lib/ros_tcp_endpoint
writing list of installed files to '/home/rhobtor/Unity/J8_unity/build/ros_tcp_endpoint/install.log'
