[1.714s] Invoking command in '/home/rhobtor/Unity/J8_unity/src/TFG_KDN_UnityROS2/ros2_ws/src/ROS-TCP-Endpoint-main-ros2': PYTHONPATH=/home/rhobtor/Unity/J8_unity/build/ros_tcp_endpoint/prefix_override:/usr/lib/python3/dist-packages/colcon_core/task/python/colcon_distutils_commands:/home/rhobtor/Unity/J8_unity/install/ros_tcp_endpoint/lib/python3.10/site-packages:${PYTHONPATH} /usr/bin/python3 -W ignore:setup.py install is deprecated -W ignore:easy_install command is deprecated setup.py egg_info --egg-base ../../../../../build/ros_tcp_endpoint build --build-base /home/rhobtor/Unity/J8_unity/build/ros_tcp_endpoint/build install --record /home/rhobtor/Unity/J8_unity/build/ros_tcp_endpoint/install.log --install-scripts $base/lib/ros_tcp_endpoint --single-version-externally-managed install_data
[1.884s] /home/rhobtor/.local/lib/python3.10/site-packages/setuptools/dist.py:599: SetuptoolsDeprecationWarning: Invalid dash-separated key 'script-dir' in 'develop' (setup.cfg), please use the underscore name 'script_dir' instead.
[1.884s] !!
[1.884s] 
[1.884s]         ********************************************************************************
[1.884s]         Usage of dash-separated 'script-dir' will not be supported in future
[1.885s]         versions. Please use the underscore name 'script_dir' instead.
[1.885s] 
[1.885s]         By 2026-Mar-03, you need to update your project and remove deprecated calls
[1.885s]         or your builds will no longer be supported.
[1.885s] 
[1.885s]         See https://setuptools.pypa.io/en/latest/userguide/declarative_config.html for details.
[1.886s]         ********************************************************************************
[1.886s] 
[1.886s] !!
[1.886s]   opt = self._enforce_underscore(opt, section)
[1.900s] /home/rhobtor/.local/lib/python3.10/site-packages/setuptools/_distutils/dist.py:289: UserWarning: Unknown distribution option: 'tests_require'
[1.900s]   warnings.warn(msg)
[1.933s] /home/rhobtor/.local/lib/python3.10/site-packages/setuptools/dist.py:599: SetuptoolsDeprecationWarning: Invalid dash-separated key 'script-dir' in 'develop' (setup.cfg), please use the underscore name 'script_dir' instead.
[1.934s] !!
[1.934s] 
[1.934s]         ********************************************************************************
[1.934s]         Usage of dash-separated 'script-dir' will not be supported in future
[1.934s]         versions. Please use the underscore name 'script_dir' instead.
[1.934s]         (Affected: ros_tcp_endpoint).
[1.935s] 
[1.935s]         By 2026-Mar-03, you need to update your project and remove deprecated calls
[1.935s]         or your builds will no longer be supported.
[1.935s] 
[1.935s]         See https://setuptools.pypa.io/en/latest/userguide/declarative_config.html for details.
[1.935s]         ********************************************************************************
[1.936s] 
[1.936s] !!
[1.936s]   opt = self._enforce_underscore(opt, section)
[2.002s] running egg_info
[2.018s] writing ../../../../../build/ros_tcp_endpoint/ros_tcp_endpoint.egg-info/PKG-INFO
[2.018s] writing dependency_links to ../../../../../build/ros_tcp_endpoint/ros_tcp_endpoint.egg-info/dependency_links.txt
[2.019s] writing entry points to ../../../../../build/ros_tcp_endpoint/ros_tcp_endpoint.egg-info/entry_points.txt
[2.019s] writing requirements to ../../../../../build/ros_tcp_endpoint/ros_tcp_endpoint.egg-info/requires.txt
[2.019s] writing top-level names to ../../../../../build/ros_tcp_endpoint/ros_tcp_endpoint.egg-info/top_level.txt
[2.054s] reading manifest file '../../../../../build/ros_tcp_endpoint/ros_tcp_endpoint.egg-info/SOURCES.txt'
[2.055s] adding license file 'LICENSE'
[2.057s] writing manifest file '../../../../../build/ros_tcp_endpoint/ros_tcp_endpoint.egg-info/SOURCES.txt'
[2.057s] running build
[2.057s] running build_py
[2.058s] copying ros_tcp_endpoint/client.py -> /home/rhobtor/Unity/J8_unity/build/ros_tcp_endpoint/build/lib/ros_tcp_endpoint
[2.058s] copying ros_tcp_endpoint/subscriber.py -> /home/rhobtor/Unity/J8_unity/build/ros_tcp_endpoint/build/lib/ros_tcp_endpoint
[2.058s] copying ros_tcp_endpoint/service.py -> /home/rhobtor/Unity/J8_unity/build/ros_tcp_endpoint/build/lib/ros_tcp_endpoint
[2.058s] copying ros_tcp_endpoint/default_server_endpoint.py -> /home/rhobtor/Unity/J8_unity/build/ros_tcp_endpoint/build/lib/ros_tcp_endpoint
[2.059s] copying ros_tcp_endpoint/publisher.py -> /home/rhobtor/Unity/J8_unity/build/ros_tcp_endpoint/build/lib/ros_tcp_endpoint
[2.059s] copying ros_tcp_endpoint/tcp_sender.py -> /home/rhobtor/Unity/J8_unity/build/ros_tcp_endpoint/build/lib/ros_tcp_endpoint
[2.059s] copying ros_tcp_endpoint/unity_service.py -> /home/rhobtor/Unity/J8_unity/build/ros_tcp_endpoint/build/lib/ros_tcp_endpoint
[2.060s] copying ros_tcp_endpoint/server.py -> /home/rhobtor/Unity/J8_unity/build/ros_tcp_endpoint/build/lib/ros_tcp_endpoint
[2.060s] copying ros_tcp_endpoint/communication.py -> /home/rhobtor/Unity/J8_unity/build/ros_tcp_endpoint/build/lib/ros_tcp_endpoint
[2.060s] copying ros_tcp_endpoint/__init__.py -> /home/rhobtor/Unity/J8_unity/build/ros_tcp_endpoint/build/lib/ros_tcp_endpoint
[2.061s] copying ros_tcp_endpoint/exceptions.py -> /home/rhobtor/Unity/J8_unity/build/ros_tcp_endpoint/build/lib/ros_tcp_endpoint
[2.061s] copying ros_tcp_endpoint/thread_pauser.py -> /home/rhobtor/Unity/J8_unity/build/ros_tcp_endpoint/build/lib/ros_tcp_endpoint
[2.061s] running install
[2.066s] running install_lib
[2.083s] running install_data
[2.084s] copying resource/ros_tcp_endpoint -> /home/rhobtor/Unity/J8_unity/install/ros_tcp_endpoint/share/ament_index/resource_index/packages
[2.084s] copying package.xml -> /home/rhobtor/Unity/J8_unity/install/ros_tcp_endpoint/share/ros_tcp_endpoint
[2.084s] copying launch/endpoint.py -> /home/rhobtor/Unity/J8_unity/install/ros_tcp_endpoint/share/ros_tcp_endpoint/launch
[2.085s] running install_egg_info
[2.103s] removing '/home/rhobtor/Unity/J8_unity/install/ros_tcp_endpoint/lib/python3.10/site-packages/ros_tcp_endpoint-0.0.1-py3.10.egg-info' (and everything under it)
[2.104s] Copying ../../../../../build/ros_tcp_endpoint/ros_tcp_endpoint.egg-info to /home/rhobtor/Unity/J8_unity/install/ros_tcp_endpoint/lib/python3.10/site-packages/ros_tcp_endpoint-0.0.1-py3.10.egg-info
[2.106s] running install_scripts
[2.141s] Installing default_server_endpoint script to /home/rhobtor/Unity/J8_unity/install/ros_tcp_endpoint/lib/ros_tcp_endpoint
[2.142s] writing list of installed files to '/home/rhobtor/Unity/J8_unity/build/ros_tcp_endpoint/install.log'
[2.169s] Invoked command in '/home/rhobtor/Unity/J8_unity/src/TFG_KDN_UnityROS2/ros2_ws/src/ROS-TCP-Endpoint-main-ros2' returned '0': PYTHONPATH=/home/rhobtor/Unity/J8_unity/build/ros_tcp_endpoint/prefix_override:/usr/lib/python3/dist-packages/colcon_core/task/python/colcon_distutils_commands:/home/rhobtor/Unity/J8_unity/install/ros_tcp_endpoint/lib/python3.10/site-packages:${PYTHONPATH} /usr/bin/python3 -W ignore:setup.py install is deprecated -W ignore:easy_install command is deprecated setup.py egg_info --egg-base ../../../../../build/ros_tcp_endpoint build --build-base /home/rhobtor/Unity/J8_unity/build/ros_tcp_endpoint/build install --record /home/rhobtor/Unity/J8_unity/build/ros_tcp_endpoint/install.log --install-scripts $base/lib/ros_tcp_endpoint --single-version-externally-managed install_data
